## Module report - date 9/12/2007-16:44:30
## Created by PcbNew version PCBNEW (2007-07-09)
## Unit = inches, Angle = deg.
##

$BeginDESCRIPTION

$BOARD
unit INCH
upper_left_corner  3.212400  2.821900
lower_right_corner  6.467500  5.567500
$EndBOARD

$MODULE "L1"
reference "L1"
value "3631B330LL"
footprint "tyco_coil"
attribut none
position  3.900000  4.200000
orientation  90.00
layer component
$PAD "1"
position  0.000000 -0.200000
size  0.196900  0.100000
drill  0.000000
shape_offset  0.000000  0.000000
orientation  0.00
Shape  Rect
Layer  component
$EndPAD
$PAD "2"
position  0.000000  0.200000
size  0.196900  0.100000
drill  0.000000
shape_offset  0.000000  0.000000
orientation  0.00
Shape  Rect
Layer  component
$EndPAD
$EndMODULE  L

$MODULE "CONN1"
reference "CONN1"
value "SD"
footprint "SD"
attribut none
position  5.220000  3.940000
orientation  90.00
layer component
$PAD "1"
position -0.490000 -0.290000
size  0.100000  0.019700
drill  0.000000
shape_offset  0.000000  0.000000
orientation  0.00
Shape  Rect
Layer  component
$EndPAD
$PAD "2"
position -0.490000 -0.190000
size  0.100000  0.019700
drill  0.000000
shape_offset  0.000000  0.000000
orientation  0.00
Shape  Rect
Layer  component
$EndPAD
$PAD "3"
position -0.490000 -0.090000
size  0.100000  0.019700
drill  0.000000
shape_offset  0.000000  0.000000
orientation  0.00
Shape  Rect
Layer  component
$EndPAD
$PAD "4"
position -0.490000  0.010000
size  0.100000  0.019700
drill  0.000000
shape_offset  0.000000  0.000000
orientation  0.00
Shape  Rect
Layer  component
$EndPAD
$PAD "5"
position -0.490000  0.100000
size  0.100000  0.019700
drill  0.000000
shape_offset  0.000000  0.000000
orientation  0.00
Shape  Rect
Layer  component
$EndPAD
$PAD "6"
position -0.490000  0.200000
size  0.100000  0.019700
drill  0.000000
shape_offset  0.000000  0.000000
orientation  0.00
Shape  Rect
Layer  component
$EndPAD
$PAD "7"
position -0.490000  0.300000
size  0.100000  0.019700
drill  0.000000
shape_offset  0.000000  0.000000
orientation  0.00
Shape  Rect
Layer  component
$EndPAD
$PAD "8"
position -0.490000  0.400000
size  0.100000  0.019700
drill  0.000000
shape_offset  0.000000  0.000000
orientation  0.00
Shape  Rect
Layer  component
$EndPAD
$PAD "9"
position -0.490000 -0.390000
size  0.100000  0.019700
drill  0.000000
shape_offset  0.000000  0.000000
orientation  0.00
Shape  Rect
Layer  component
$EndPAD
$PAD "a"
position -0.490000  0.440000
size  0.100000  0.019700
drill  0.000000
shape_offset  0.000000  0.000000
orientation  0.00
Shape  Rect
Layer  component
$EndPAD
$PAD "b"
position -0.490000  0.480000
size  0.100000  0.019700
drill  0.000000
shape_offset  0.000000  0.000000
orientation  0.00
Shape  Rect
Layer  component
$EndPAD
$EndMODULE  C

$MODULE "U1"
reference "U1"
value "FOXBOARD"
footprint "foxboard"
attribut none
position  4.470000  4.160000
orientation  0.00
layer component
$PAD "1j7"
position -1.150000 -0.900000
size  0.070000  0.055000
drill  0.020000
shape_offset  0.000000  0.000000
orientation  0.00
Shape  Oval
Layer  all
$EndPAD
$PAD "2j7"
position -1.050000 -0.900000
size  0.070000  0.055000
drill  0.020000
shape_offset  0.000000  0.000000
orientation  0.00
Shape  Oval
Layer  all
$EndPAD
$PAD "3j7"
position -1.150000 -0.800000
size  0.070000  0.055000
drill  0.020000
shape_offset  0.000000  0.000000
orientation  0.00
Shape  Oval
Layer  all
$EndPAD
$PAD "4j7"
position -1.050000 -0.800000
size  0.070000  0.055000
drill  0.020000
shape_offset  0.000000  0.000000
orientation  0.00
Shape  Oval
Layer  all
$EndPAD
$PAD "5j7"
position -1.150000 -0.700000
size  0.070000  0.055000
drill  0.020000
shape_offset  0.000000  0.000000
orientation  0.00
Shape  Oval
Layer  all
$EndPAD
$PAD "6j7"
position -1.050000 -0.700000
size  0.070000  0.055000
drill  0.020000
shape_offset  0.000000  0.000000
orientation  0.00
Shape  Oval
Layer  all
$EndPAD
$PAD "7j7"
position -1.150000 -0.600000
size  0.070000  0.055000
drill  0.020000
shape_offset  0.000000  0.000000
orientation  0.00
Shape  Oval
Layer  all
$EndPAD
$PAD "8j7"
position -1.050000 -0.600000
size  0.070000  0.050000
drill  0.020000
shape_offset  0.000000  0.000000
orientation  0.00
Shape  Oval
Layer  all
$EndPAD
$PAD "9j7"
position -1.150000 -0.500000
size  0.070000  0.055000
drill  0.020000
shape_offset  0.000000  0.000000
orientation  0.00
Shape  Oval
Layer  all
$EndPAD
$PAD "10j7"
position -1.050000 -0.500000
size  0.070000  0.055000
drill  0.020000
shape_offset  0.000000  0.000000
orientation  0.00
Shape  Oval
Layer  all
$EndPAD
$PAD "11j7"
position -1.150000 -0.400000
size  0.070000  0.055000
drill  0.020000
shape_offset  0.000000  0.000000
orientation  0.00
Shape  Oval
Layer  all
$EndPAD
$PAD "12j7"
position -1.050000 -0.400000
size  0.070000  0.055000
drill  0.020000
shape_offset  0.000000  0.000000
orientation  0.00
Shape  Oval
Layer  all
$EndPAD
$PAD "13j7"
position -1.150000 -0.300000
size  0.070000  0.055000
drill  0.020000
shape_offset  0.000000  0.000000
orientation  0.00
Shape  Oval
Layer  all
$EndPAD
$PAD "14j7"
position -1.050000 -0.300000
size  0.070000  0.055000
drill  0.020000
shape_offset  0.000000  0.000000
orientation  0.00
Shape  Oval
Layer  all
$EndPAD
$PAD "15j7"
position -1.150000 -0.200000
size  0.070000  0.055000
drill  0.020000
shape_offset  0.000000  0.000000
orientation  0.00
Shape  Oval
Layer  all
$EndPAD
$PAD "16j7"
position -1.050000 -0.200000
size  0.070000  0.055000
drill  0.020000
shape_offset  0.000000  0.000000
orientation  0.00
Shape  Oval
Layer  all
$EndPAD
$PAD "17j7"
position -1.150000 -0.100000
size  0.070000  0.055000
drill  0.020000
shape_offset  0.000000  0.000000
orientation  0.00
Shape  Oval
Layer  all
$EndPAD
$PAD "18j7"
position -1.050000 -0.100000
size  0.070000  0.055000
drill  0.020000
shape_offset  0.000000  0.000000
orientation  0.00
Shape  Oval
Layer  all
$EndPAD
$PAD "19j7"
position -1.150000  0.000000
size  0.070000  0.055000
drill  0.020000
shape_offset  0.000000  0.000000
orientation  0.00
Shape  Oval
Layer  all
$EndPAD
$PAD "20j7"
position -1.050000  0.000000
size  0.070000  0.055000
drill  0.020000
shape_offset  0.000000  0.000000
orientation  0.00
Shape  Oval
Layer  all
$EndPAD
$PAD "21j7"
position -1.150000  0.100000
size  0.070000  0.055000
drill  0.020000
shape_offset  0.000000  0.000000
orientation  0.00
Shape  Oval
Layer  all
$EndPAD
$PAD "22j7"
position -1.050000  0.100000
size  0.070000  0.055000
drill  0.020000
shape_offset  0.000000  0.000000
orientation  0.00
Shape  Oval
Layer  all
$EndPAD
$PAD "23j7"
position -1.150000  0.200000
size  0.070000  0.055000
drill  0.020000
shape_offset  0.000000  0.000000
orientation  0.00
Shape  Oval
Layer  all
$EndPAD
$PAD "24j7"
position -1.050000  0.200000
size  0.070000  0.055000
drill  0.020000
shape_offset  0.000000  0.000000
orientation  0.00
Shape  Oval
Layer  all
$EndPAD
$PAD "25j7"
position -1.150000  0.300000
size  0.070000  0.055000
drill  0.020000
shape_offset  0.000000  0.000000
orientation  0.00
Shape  Oval
Layer  all
$EndPAD
$PAD "26j7"
position -1.050000  0.300000
size  0.070000  0.055000
drill  0.020000
shape_offset  0.000000  0.000000
orientation  0.00
Shape  Oval
Layer  all
$EndPAD
$PAD "27j7"
position -1.150000  0.400000
size  0.070000  0.055000
drill  0.020000
shape_offset  0.000000  0.000000
orientation  0.00
Shape  Oval
Layer  all
$EndPAD
$PAD "28j7"
position -1.050000  0.400000
size  0.070000  0.055000
drill  0.020000
shape_offset  0.000000  0.000000
orientation  0.00
Shape  Oval
Layer  all
$EndPAD
$PAD "29j7"
position -1.150000  0.500000
size  0.070000  0.055000
drill  0.020000
shape_offset  0.000000  0.000000
orientation  0.00
Shape  Oval
Layer  all
$EndPAD
$PAD "30j7"
position -1.050000  0.500000
size  0.070000  0.055000
drill  0.020000
shape_offset  0.000000  0.000000
orientation  0.00
Shape  Oval
Layer  all
$EndPAD
$PAD "31j7"
position -1.150000  0.600000
size  0.070000  0.055000
drill  0.020000
shape_offset  0.000000  0.000000
orientation  0.00
Shape  Oval
Layer  all
$EndPAD
$PAD "32j7"
position -1.050000  0.600000
size  0.070000  0.055000
drill  0.020000
shape_offset  0.000000  0.000000
orientation  0.00
Shape  Oval
Layer  all
$EndPAD
$PAD "33j7"
position -1.150000  0.700000
size  0.070000  0.055000
drill  0.020000
shape_offset  0.000000  0.000000
orientation  0.00
Shape  Oval
Layer  all
$EndPAD
$PAD "34j7"
position -1.050000  0.700000
size  0.070000  0.055000
drill  0.020000
shape_offset  0.000000  0.000000
orientation  0.00
Shape  Oval
Layer  all
$EndPAD
$PAD "35j7"
position -1.150000  0.800000
size  0.070000  0.055000
drill  0.020000
shape_offset  0.000000  0.000000
orientation  0.00
Shape  Oval
Layer  all
$EndPAD
$PAD "36j7"
position -1.050000  0.800000
size  0.070000  0.055000
drill  0.020000
shape_offset  0.000000  0.000000
orientation  0.00
Shape  Oval
Layer  all
$EndPAD
$PAD "37j7"
position -1.150000  0.900000
size  0.070000  0.055000
drill  0.020000
shape_offset  0.000000  0.000000
orientation  0.00
Shape  Oval
Layer  all
$EndPAD
$PAD "38j7"
position -1.050000  0.900000
size  0.070000  0.055000
drill  0.020000
shape_offset  0.000000  0.000000
orientation  0.00
Shape  Oval
Layer  all
$EndPAD
$PAD "39j7"
position -1.150000  1.000000
size  0.070000  0.055000
drill  0.020000
shape_offset  0.000000  0.000000
orientation  0.00
Shape  Oval
Layer  all
$EndPAD
$PAD "40j7"
position -1.050000  1.000000
size  0.070000  0.055000
drill  0.020000
shape_offset  0.000000  0.000000
orientation  0.00
Shape  Oval
Layer  all
$EndPAD
$PAD "2j6"
position  1.550000 -0.900000
size  0.070000  0.055000
drill  0.020000
shape_offset  0.000000  0.000000
orientation  0.00
Shape  Oval
Layer  all
$EndPAD
$PAD "1j6"
position  1.450000 -0.900000
size  0.070000  0.055000
drill  0.020000
shape_offset  0.000000  0.000000
orientation  0.00
Shape  Oval
Layer  all
$EndPAD
$PAD "3j6"
position  1.450000 -0.800000
size  0.070000  0.055000
drill  0.020000
shape_offset  0.000000  0.000000
orientation  0.00
Shape  Oval
Layer  all
$EndPAD
$PAD "4j6"
position  1.550000 -0.800000
size  0.070000  0.055000
drill  0.020000
shape_offset  0.000000  0.000000
orientation  0.00
Shape  Oval
Layer  all
$EndPAD
$PAD "5j6"
position  1.450000 -0.700000
size  0.070000  0.055000
drill  0.020000
shape_offset  0.000000  0.000000
orientation  0.00
Shape  Oval
Layer  all
$EndPAD
$PAD "6j6"
position  1.550000 -0.700000
size  0.070000  0.055000
drill  0.020000
shape_offset  0.000000  0.000000
orientation  0.00
Shape  Oval
Layer  all
$EndPAD
$PAD "7j6"
position  1.450000 -0.600000
size  0.070000  0.055000
drill  0.020000
shape_offset  0.000000  0.000000
orientation  0.00
Shape  Oval
Layer  all
$EndPAD
$PAD "8j6"
position  1.550000 -0.600000
size  0.070000  0.055000
drill  0.020000
shape_offset  0.000000  0.000000
orientation  0.00
Shape  Oval
Layer  all
$EndPAD
$PAD "9j6"
position  1.450000 -0.500000
size  0.070000  0.055000
drill  0.020000
shape_offset  0.000000  0.000000
orientation  0.00
Shape  Oval
Layer  all
$EndPAD
$PAD "10j6"
position  1.550000 -0.500000
size  0.070000  0.055000
drill  0.020000
shape_offset  0.000000  0.000000
orientation  0.00
Shape  Oval
Layer  all
$EndPAD
$PAD "11j6"
position  1.450000 -0.400000
size  0.070000  0.055000
drill  0.020000
shape_offset  0.000000  0.000000
orientation  0.00
Shape  Oval
Layer  all
$EndPAD
$PAD "12j6"
position  1.550000 -0.400000
size  0.070000  0.055000
drill  0.020000
shape_offset  0.000000  0.000000
orientation  0.00
Shape  Oval
Layer  all
$EndPAD
$PAD "13j6"
position  1.450000 -0.300000
size  0.070000  0.055000
drill  0.020000
shape_offset  0.000000  0.000000
orientation  0.00
Shape  Oval
Layer  all
$EndPAD
$PAD "14j6"
position  1.550000 -0.300000
size  0.070000  0.055000
drill  0.020000
shape_offset  0.000000  0.000000
orientation  0.00
Shape  Oval
Layer  all
$EndPAD
$PAD "15j6"
position  1.450000 -0.200000
size  0.070000  0.055000
drill  0.020000
shape_offset  0.000000  0.000000
orientation  0.00
Shape  Oval
Layer  all
$EndPAD
$PAD "16j6"
position  1.550000 -0.200000
size  0.070000  0.055000
drill  0.020000
shape_offset  0.000000  0.000000
orientation  0.00
Shape  Oval
Layer  all
$EndPAD
$PAD "17j6"
position  1.450000 -0.100000
size  0.070000  0.055000
drill  0.020000
shape_offset  0.000000  0.000000
orientation  0.00
Shape  Oval
Layer  all
$EndPAD
$PAD "18j6"
position  1.550000 -0.100000
size  0.070000  0.055000
drill  0.020000
shape_offset  0.000000  0.000000
orientation  0.00
Shape  Oval
Layer  all
$EndPAD
$PAD "19j6"
position  1.450000  0.000000
size  0.070000  0.055000
drill  0.020000
shape_offset  0.000000  0.000000
orientation  0.00
Shape  Oval
Layer  all
$EndPAD
$PAD "20j6"
position  1.550000  0.000000
size  0.070000  0.055000
drill  0.020000
shape_offset  0.000000  0.000000
orientation  0.00
Shape  Oval
Layer  all
$EndPAD
$PAD "21j6"
position  1.450000  0.100000
size  0.070000  0.055000
drill  0.020000
shape_offset  0.000000  0.000000
orientation  0.00
Shape  Oval
Layer  all
$EndPAD
$PAD "22j6"
position  1.550000  0.100000
size  0.070000  0.055000
drill  0.020000
shape_offset  0.000000  0.000000
orientation  0.00
Shape  Oval
Layer  all
$EndPAD
$PAD "23j6"
position  1.450000  0.200000
size  0.070000  0.055000
drill  0.020000
shape_offset  0.000000  0.000000
orientation  0.00
Shape  Oval
Layer  all
$EndPAD
$PAD "24j6"
position  1.550000  0.200000
size  0.070000  0.055000
drill  0.020000
shape_offset  0.000000  0.000000
orientation  0.00
Shape  Oval
Layer  all
$EndPAD
$PAD "25j6"
position  1.450000  0.300000
size  0.070000  0.055000
drill  0.020000
shape_offset  0.000000  0.000000
orientation  0.00
Shape  Oval
Layer  all
$EndPAD
$PAD "26j6"
position  1.550000  0.300000
size  0.070000  0.055000
drill  0.020000
shape_offset  0.000000  0.000000
orientation  0.00
Shape  Oval
Layer  all
$EndPAD
$PAD "27j6"
position  1.450000  0.400000
size  0.070000  0.055000
drill  0.020000
shape_offset  0.000000  0.000000
orientation  0.00
Shape  Oval
Layer  all
$EndPAD
$PAD "28j6"
position  1.550000  0.400000
size  0.070000  0.055000
drill  0.020000
shape_offset  0.000000  0.000000
orientation  0.00
Shape  Oval
Layer  all
$EndPAD
$PAD "29j6"
position  1.450000  0.500000
size  0.070000  0.055000
drill  0.020000
shape_offset  0.000000  0.000000
orientation  0.00
Shape  Oval
Layer  all
$EndPAD
$PAD "30j6"
position  1.550000  0.500000
size  0.070000  0.055000
drill  0.020000
shape_offset  0.000000  0.000000
orientation  0.00
Shape  Oval
Layer  all
$EndPAD
$PAD "31j6"
position  1.450000  0.600000
size  0.070000  0.055000
drill  0.020000
shape_offset  0.000000  0.000000
orientation  0.00
Shape  Oval
Layer  all
$EndPAD
$PAD "32j6"
position  1.550000  0.600000
size  0.070000  0.055000
drill  0.020000
shape_offset  0.000000  0.000000
orientation  0.00
Shape  Oval
Layer  all
$EndPAD
$PAD "33j6"
position  1.450000  0.700000
size  0.070000  0.055000
drill  0.020000
shape_offset  0.000000  0.000000
orientation  0.00
Shape  Oval
Layer  all
$EndPAD
$PAD "34j6"
position  1.550000  0.700000
size  0.070000  0.055000
drill  0.020000
shape_offset  0.000000  0.000000
orientation  0.00
Shape  Oval
Layer  all
$EndPAD
$PAD "35j6"
position  1.450000  0.800000
size  0.070000  0.055000
drill  0.020000
shape_offset  0.000000  0.000000
orientation  0.00
Shape  Oval
Layer  all
$EndPAD
$PAD "36j6"
position  1.550000  0.800000
size  0.070000  0.055000
drill  0.020000
shape_offset  0.000000  0.000000
orientation  0.00
Shape  Oval
Layer  all
$EndPAD
$PAD "37j6"
position  1.450000  0.900000
size  0.070000  0.055000
drill  0.020000
shape_offset  0.000000  0.000000
orientation  0.00
Shape  Oval
Layer  all
$EndPAD
$PAD "38j6"
position  1.550000  0.900000
size  0.070000  0.055000
drill  0.020000
shape_offset  0.000000  0.000000
orientation  0.00
Shape  Oval
Layer  all
$EndPAD
$PAD "39j6"
position  1.450000  1.000000
size  0.070000  0.055000
drill  0.020000
shape_offset  0.000000  0.000000
orientation  0.00
Shape  Oval
Layer  all
$EndPAD
$PAD "40j6"
position  1.550000  1.000000
size  0.070000  0.055000
drill  0.020000
shape_offset  0.000000  0.000000
orientation  0.00
Shape  Oval
Layer  all
$EndPAD
$EndMODULE  U

$MODULE "U3"
reference "U3"
value "DS1302"
footprint "8DIP-ELL300"
attribut none
position  5.650000  5.000000
orientation  0.00
layer component
$SHAPE3D
Na "dil/dil_8.wrl"
Sc 1.000000 1.000000 1.000000
Of 0.000000 0.000000 0.000000
Ro 0.000000 0.000000 0.000000
$EndSHAPE3D
$PAD "1"
position -0.150000  0.150000
size  0.062000  0.090000
drill  0.032000
shape_offset  0.000000  0.000000
orientation  0.00
Shape  Rect
Layer  all
$EndPAD
$PAD "2"
position -0.050000  0.150000
size  0.062000  0.090000
drill  0.032000
shape_offset  0.000000  0.000000
orientation  0.00
Shape  Oval
Layer  all
$EndPAD
$PAD "3"
position  0.050000  0.150000
size  0.062000  0.090000
drill  0.032000
shape_offset  0.000000  0.000000
orientation  0.00
Shape  Oval
Layer  all
$EndPAD
$PAD "4"
position  0.150000  0.150000
size  0.062000  0.090000
drill  0.032000
shape_offset  0.000000  0.000000
orientation  0.00
Shape  Oval
Layer  all
$EndPAD
$PAD "5"
position  0.150000 -0.150000
size  0.062000  0.090000
drill  0.032000
shape_offset  0.000000  0.000000
orientation  0.00
Shape  Oval
Layer  all
$EndPAD
$PAD "6"
position  0.050000 -0.150000
size  0.062000  0.090000
drill  0.032000
shape_offset  0.000000  0.000000
orientation  0.00
Shape  Oval
Layer  all
$EndPAD
$PAD "7"
position -0.050000 -0.150000
size  0.062000  0.090000
drill  0.032000
shape_offset  0.000000  0.000000
orientation  0.00
Shape  Oval
Layer  all
$EndPAD
$PAD "8"
position -0.150000 -0.150000
size  0.062000  0.090000
drill  0.032000
shape_offset  0.000000  0.000000
orientation  0.00
Shape  Oval
Layer  all
$EndPAD
$EndMODULE  U

$MODULE "C2"
reference "C2"
value "1000uF"
footprint "CPR10X16"
attribut none
position  4.380000  3.990000
orientation  90.00
layer copper
$SHAPE3D
Na "discret/c_horiz_c2v10.wrl"
Sc 1.000000 1.000000 1.000000
Of 0.000000 0.000000 0.000000
Ro 0.000000 0.000000 0.000000
$EndSHAPE3D
$PAD "1"
position  0.000000  0.105000
size  0.070000  0.070000
drill  0.040000
shape_offset  0.000000  0.000000
orientation  0.00
Shape  Rect
Layer  all
$EndPAD
$PAD "2"
position  0.000000 -0.095000
size  0.070000  0.070000
drill  0.040000
shape_offset  0.000000  0.000000
orientation  0.00
Shape  Circ
Layer  all
$EndPAD
$EndMODULE  C

$MODULE "U2"
reference "U2"
value "LM2596-5V"
footprint "DPAK5"
attribut none
position  3.760000  3.570000
orientation  0.00
layer component
$SHAPE3D
Na "smd/dpack_5.wrl"
Sc 1.000000 1.000000 1.000000
Of 0.000000 0.000000 0.000000
Ro 0.000000 0.000000 0.000000
$EndSHAPE3D
$PAD "1"
position -0.134000  0.000000
size  0.042000  0.090000
drill  0.000000
shape_offset  0.000000  0.000000
orientation  0.00
Shape  Rect
Layer  component
$EndPAD
$PAD "3"
position  0.000000 -0.345000
size  0.420000  0.350000
drill  0.000000
shape_offset  0.000000  0.000000
orientation  0.00
Shape  Rect
Layer  component
$EndPAD
$PAD "3"
position  0.000000  0.000000
size  0.042000  0.090000
drill  0.000000
shape_offset  0.000000  0.000000
orientation  0.00
Shape  Rect
Layer  component
$EndPAD
$PAD "2"
position -0.067000  0.000000
size  0.042000  0.090000
drill  0.000000
shape_offset  0.000000  0.000000
orientation  0.00
Shape  Rect
Layer  component
$EndPAD
$PAD "4"
position  0.067000  0.000000
size  0.042000  0.090000
drill  0.000000
shape_offset  0.000000  0.000000
orientation  0.00
Shape  Rect
Layer  component
$EndPAD
$PAD "5"
position  0.134000  0.000000
size  0.042000  0.090000
drill  0.000000
shape_offset  0.000000  0.000000
orientation  0.00
Shape  Rect
Layer  component
$EndPAD
$EndMODULE  U

$MODULE "C4"
reference "C4"
value "220uF"
footprint "QMONTRE"
attribut none
position  3.970000  3.620000
orientation  90.00
layer component
$SHAPE3D
Na "discret/qmontre.wrl"
Sc 1.000000 1.000000 1.000000
Of 0.000000 0.000000 0.000000
Ro 0.000000 0.000000 0.000000
$EndSHAPE3D
$PAD "1"
position -0.050000  0.000000
size  0.050000  0.050000
drill  0.032000
shape_offset  0.000000  0.000000
orientation  0.00
Shape  Circ
Layer  all
$EndPAD
$PAD "2"
position  0.050000  0.000000
size  0.050000  0.050000
drill  0.032000
shape_offset  0.000000  0.000000
orientation  0.00
Shape  Circ
Layer  all
$EndPAD
$EndMODULE  C

$MODULE "BATT1"
reference "BATT1"
value "CR2032"
footprint "R5"
attribut none
position  4.770000  5.100000
orientation  0.00
layer component
$SHAPE3D
Na "discret/resistor.wrl"
Sc 0.500000 0.500000 0.500000
Of 0.000000 0.000000 0.000000
Ro 0.000000 0.000000 0.000000
$EndSHAPE3D
$PAD "1"
position -0.250000  0.000000
size  0.060000  0.060000
drill  0.032000
shape_offset  0.000000  0.000000
orientation  0.00
Shape  Circ
Layer  all
$EndPAD
$PAD "2"
position  0.250000  0.000000
size  0.060000  0.060000
drill  0.032000
shape_offset  0.000000  0.000000
orientation  0.00
Shape  Circ
Layer  all
$EndPAD
$EndMODULE  B

$MODULE "R5"
reference "R5"
value "1K"
footprint "SM0805"
attribut smd
position  5.390000  5.090000
orientation  270.00
layer component
$SHAPE3D
Na "smd/chip_cms.wrl"
Sc 0.100000 0.100000 0.100000
Of 0.000000 0.000000 0.000000
Ro 0.000000 0.000000 0.000000
$EndSHAPE3D
$PAD "1"
position -0.037500  0.000000
size  0.035000  0.055000
drill  0.000000
shape_offset  0.000000  0.000000
orientation  0.00
Shape  Rect
Layer  component
$EndPAD
$PAD "2"
position  0.037500  0.000000
size  0.035000  0.055000
drill  0.000000
shape_offset  0.000000  0.000000
orientation  0.00
Shape  Rect
Layer  component
$EndPAD
$EndMODULE  R

$MODULE "R4"
reference "R4"
value "1K"
footprint "SM0805"
attribut smd
position  3.970000  4.890000
orientation  90.00
layer component
$SHAPE3D
Na "smd/chip_cms.wrl"
Sc 0.100000 0.100000 0.100000
Of 0.000000 0.000000 0.000000
Ro 0.000000 0.000000 0.000000
$EndSHAPE3D
$PAD "1"
position -0.037500  0.000000
size  0.035000  0.055000
drill  0.000000
shape_offset  0.000000  0.000000
orientation  0.00
Shape  Rect
Layer  component
$EndPAD
$PAD "2"
position  0.037500  0.000000
size  0.035000  0.055000
drill  0.000000
shape_offset  0.000000  0.000000
orientation  0.00
Shape  Rect
Layer  component
$EndPAD
$EndMODULE  R

$MODULE "R3"
reference "R3"
value "1K"
footprint "SM0805"
attribut smd
position  3.940000  4.770000
orientation  180.00
layer component
$SHAPE3D
Na "smd/chip_cms.wrl"
Sc 0.100000 0.100000 0.100000
Of 0.000000 0.000000 0.000000
Ro 0.000000 0.000000 0.000000
$EndSHAPE3D
$PAD "1"
position -0.037500  0.000000
size  0.035000  0.055000
drill  0.000000
shape_offset  0.000000  0.000000
orientation  0.00
Shape  Rect
Layer  component
$EndPAD
$PAD "2"
position  0.037500  0.000000
size  0.035000  0.055000
drill  0.000000
shape_offset  0.000000  0.000000
orientation  0.00
Shape  Rect
Layer  component
$EndPAD
$EndMODULE  R

$MODULE "C3"
reference "C3"
value "100nF"
footprint "SM0805"
attribut smd
position  3.790000  3.670000
orientation  0.00
layer component
$SHAPE3D
Na "smd/chip_cms.wrl"
Sc 0.100000 0.100000 0.100000
Of 0.000000 0.000000 0.000000
Ro 0.000000 0.000000 0.000000
$EndSHAPE3D
$PAD "1"
position -0.037500  0.000000
size  0.035000  0.055000
drill  0.000000
shape_offset  0.000000  0.000000
orientation  0.00
Shape  Rect
Layer  component
$EndPAD
$PAD "2"
position  0.037500  0.000000
size  0.035000  0.055000
drill  0.000000
shape_offset  0.000000  0.000000
orientation  0.00
Shape  Rect
Layer  component
$EndPAD
$EndMODULE  C

$MODULE "C1"
reference "C1"
value "100nF"
footprint "SM0805"
attribut smd
position  4.210000  3.480000
orientation  0.00
layer component
$SHAPE3D
Na "smd/chip_cms.wrl"
Sc 0.100000 0.100000 0.100000
Of 0.000000 0.000000 0.000000
Ro 0.000000 0.000000 0.000000
$EndSHAPE3D
$PAD "1"
position -0.037500  0.000000
size  0.035000  0.055000
drill  0.000000
shape_offset  0.000000  0.000000
orientation  0.00
Shape  Rect
Layer  component
$EndPAD
$PAD "2"
position  0.037500  0.000000
size  0.035000  0.055000
drill  0.000000
shape_offset  0.000000  0.000000
orientation  0.00
Shape  Rect
Layer  component
$EndPAD
$EndMODULE  C

$MODULE "U4"
reference "U4"
value "P82B96TD"
footprint "SO8E"
attribut smd
position  3.820000  4.950000
orientation  0.00
layer component
$SHAPE3D
Na "smd/cms_so8.wrl"
Sc 0.500000 0.320000 0.500000
Of 0.000000 0.000000 0.000000
Ro 0.000000 0.000000 0.000000
$EndSHAPE3D
$PAD "8"
position -0.075000 -0.105000
size  0.020000  0.045000
drill  0.000000
shape_offset  0.000000  0.000000
orientation  0.00
Shape  Rect
Layer  component
$EndPAD
$PAD "1"
position -0.075000  0.105000
size  0.020000  0.045000
drill  0.000000
shape_offset  0.000000  0.000000
orientation  0.00
Shape  Rect
Layer  component
$EndPAD
$PAD "7"
position -0.025000 -0.105000
size  0.020000  0.045000
drill  0.000000
shape_offset  0.000000  0.000000
orientation  0.00
Shape  Rect
Layer  component
$EndPAD
$PAD "6"
position  0.025000 -0.105000
size  0.020000  0.045000
drill  0.000000
shape_offset  0.000000  0.000000
orientation  0.00
Shape  Rect
Layer  component
$EndPAD
$PAD "5"
position  0.075000 -0.105000
size  0.020000  0.045000
drill  0.000000
shape_offset  0.000000  0.000000
orientation  0.00
Shape  Rect
Layer  component
$EndPAD
$PAD "2"
position -0.025000  0.105000
size  0.020000  0.045000
drill  0.000000
shape_offset  0.000000  0.000000
orientation  0.00
Shape  Rect
Layer  component
$EndPAD
$PAD "3"
position  0.025000  0.105000
size  0.020000  0.045000
drill  0.000000
shape_offset  0.000000  0.000000
orientation  0.00
Shape  Rect
Layer  component
$EndPAD
$PAD "4"
position  0.075000  0.105000
size  0.020000  0.045000
drill  0.000000
shape_offset  0.000000  0.000000
orientation  0.00
Shape  Rect
Layer  component
$EndPAD
$EndMODULE  U

$MODULE "SL2"
reference "SL2"
value "M04"
footprint "con-amp-quick-04P"
attribut virtual
position  3.940000  5.240000
orientation  180.00
layer component
$PAD "1"
position -0.150000  0.000000
size  0.056000  0.112000
drill  0.036000
shape_offset  0.000000  0.000000
orientation  0.00
Shape  Oval
Layer  all
$EndPAD
$PAD "2"
position -0.050000  0.000000
size  0.056000  0.112000
drill  0.036000
shape_offset  0.000000  0.000000
orientation  0.00
Shape  Oval
Layer  all
$EndPAD
$PAD "3"
position  0.050000  0.000000
size  0.056000  0.112000
drill  0.036000
shape_offset  0.000000  0.000000
orientation  0.00
Shape  Oval
Layer  all
$EndPAD
$PAD "4"
position  0.150000  0.000000
size  0.056000  0.112000
drill  0.036000
shape_offset  0.000000  0.000000
orientation  0.00
Shape  Oval
Layer  all
$EndPAD
$EndMODULE  S

$MODULE "SL1"
reference "SL1"
value "M04"
footprint "con-amp-quick-04P"
attribut virtual
position  3.850000  4.600000
orientation  0.00
layer component
$PAD "1"
position -0.150000  0.000000
size  0.056000  0.112000
drill  0.036000
shape_offset  0.000000  0.000000
orientation  0.00
Shape  Oval
Layer  all
$EndPAD
$PAD "2"
position -0.050000  0.000000
size  0.056000  0.112000
drill  0.036000
shape_offset  0.000000  0.000000
orientation  0.00
Shape  Oval
Layer  all
$EndPAD
$PAD "3"
position  0.050000  0.000000
size  0.056000  0.112000
drill  0.036000
shape_offset  0.000000  0.000000
orientation  0.00
Shape  Oval
Layer  all
$EndPAD
$PAD "4"
position  0.150000  0.000000
size  0.056000  0.112000
drill  0.036000
shape_offset  0.000000  0.000000
orientation  0.00
Shape  Oval
Layer  all
$EndPAD
$EndMODULE  S

$MODULE "D3"
reference "D3"
value "1N5820"
footprint "diode-DO201-15"
attribut virtual
position  3.990000  3.820000
orientation  0.00
layer component
$PAD "A"
position  0.300000  0.000000
size  0.088500  0.177000
drill  0.059000
shape_offset  0.000000  0.000000
orientation  0.00
Shape  Oval
Layer  all
$EndPAD
$PAD "C"
position -0.300000  0.000000
size  0.088500  0.177000
drill  0.059000
shape_offset  0.000000  0.000000
orientation  0.00
Shape  Oval
Layer  all
$EndPAD
$EndMODULE  D

$MODULE "D2"
reference "D2"
value "1N5408"
footprint "diode-DO41-10"
attribut virtual
position  4.480000  3.340000
orientation  90.00
layer component
$PAD "A"
position  0.200000  0.000000
size  0.066000  0.066000
drill  0.044000
shape_offset  0.000000  0.000000
orientation  0.00
Shape  Circ
Layer  all
$EndPAD
$PAD "C"
position -0.200000  0.000000
size  0.066000  0.066000
drill  0.044000
shape_offset  0.000000  0.000000
orientation  0.00
Shape  Circ
Layer  all
$EndPAD
$EndMODULE  D

$MODULE "D1"
reference "D1"
value "LL1N4148"
footprint "diode-MINIMELF"
attribut smd
position  5.390000  4.900000
orientation  270.00
layer component
$PAD "A"
position  0.066900  0.000000
size  0.055100  0.070800
drill  0.000000
shape_offset  0.000000  0.000000
orientation  0.00
Shape  Rect
Layer  component
$EndPAD
$PAD "C"
position -0.066900  0.000000
size  0.055100  0.070800
drill  0.000000
shape_offset  0.000000  0.000000
orientation  0.00
Shape  Rect
Layer  component
$EndPAD
$EndMODULE  D

$MODULE "J1"
reference "J1"
value "JACK_2P"
footprint "con-conrad-733989-5"
attribut virtual
position  4.250000  3.110000
orientation  180.00
layer component
$PAD "1"
position  0.000000 -0.229100
size  0.059000  0.118100
drill  0.015700
shape_offset  0.000000  0.000000
orientation  0.00
Shape  Oval
Layer  all
$EndPAD
$PAD "2"
position  0.000000 -0.036200
size  0.059000  0.118100
drill  0.011800
shape_offset  0.000000  0.000000
orientation  0.00
Shape  Oval
Layer  all
$EndPAD
$PAD "3"
position  0.106200 -0.134600
size  0.059000  0.118100
drill  0.015700
shape_offset  0.000000  0.000000
orientation  0.00
Shape  Oval
Layer  all
$EndPAD
$EndMODULE  J

$MODULE "U5"
reference "U5"
value "DS1302"
footprint "SO8E"
attribut smd
position  5.650000  5.150000
orientation  0.00
layer component
$SHAPE3D
Na "smd/cms_so8.wrl"
Sc 0.500000 0.320000 0.500000
Of 0.000000 0.000000 0.000000
Ro 0.000000 0.000000 0.000000
$EndSHAPE3D
$PAD "8"
position -0.075000 -0.105000
size  0.020000  0.045000
drill  0.000000
shape_offset  0.000000  0.000000
orientation  0.00
Shape  Rect
Layer  component
$EndPAD
$PAD "1"
position -0.075000  0.105000
size  0.020000  0.045000
drill  0.000000
shape_offset  0.000000  0.000000
orientation  0.00
Shape  Rect
Layer  component
$EndPAD
$PAD "7"
position -0.025000 -0.105000
size  0.020000  0.045000
drill  0.000000
shape_offset  0.000000  0.000000
orientation  0.00
Shape  Rect
Layer  component
$EndPAD
$PAD "6"
position  0.025000 -0.105000
size  0.020000  0.045000
drill  0.000000
shape_offset  0.000000  0.000000
orientation  0.00
Shape  Rect
Layer  component
$EndPAD
$PAD "5"
position  0.075000 -0.105000
size  0.020000  0.045000
drill  0.000000
shape_offset  0.000000  0.000000
orientation  0.00
Shape  Rect
Layer  component
$EndPAD
$PAD "2"
position -0.025000  0.105000
size  0.020000  0.045000
drill  0.000000
shape_offset  0.000000  0.000000
orientation  0.00
Shape  Rect
Layer  component
$EndPAD
$PAD "3"
position  0.025000  0.105000
size  0.020000  0.045000
drill  0.000000
shape_offset  0.000000  0.000000
orientation  0.00
Shape  Rect
Layer  component
$EndPAD
$PAD "4"
position  0.075000  0.105000
size  0.020000  0.045000
drill  0.000000
shape_offset  0.000000  0.000000
orientation  0.00
Shape  Rect
Layer  component
$EndPAD
$EndMODULE  U

$MODULE "SL3"
reference "SL3"
value "XT"
footprint "con-amp-quick-02P"
attribut virtual
position  5.640000  5.370000
orientation  0.00
layer component
$PAD "1"
position -0.050000  0.000000
size  0.056000  0.112000
drill  0.036000
shape_offset  0.000000  0.000000
orientation  0.00
Shape  Oval
Layer  all
$EndPAD
$PAD "2"
position  0.050000  0.000000
size  0.056000  0.112000
drill  0.036000
shape_offset  0.000000  0.000000
orientation  0.00
Shape  Oval
Layer  all
$EndPAD
$EndMODULE  S

$MODULE "R1"
reference "R1"
value "3K9"
footprint "SM0603"
attribut smd
position  3.610000  4.810000
orientation  90.00
layer component
$SHAPE3D
Na "smd/chip_cms.wrl"
Sc 0.080000 0.080000 0.080000
Of 0.000000 0.000000 0.000000
Ro 0.000000 0.000000 0.000000
$EndSHAPE3D
$PAD "1"
position -0.030000  0.000000
size  0.025000  0.045000
drill  0.000000
shape_offset  0.000000  0.000000
orientation  0.00
Shape  Rect
Layer  component
$EndPAD
$PAD "2"
position  0.030000  0.000000
size  0.025000  0.045000
drill  0.000000
shape_offset  0.000000  0.000000
orientation  0.00
Shape  Rect
Layer  component
$EndPAD
$EndMODULE  R

$MODULE "R2"
reference "R2"
value "3K9"
footprint "SM0603"
attribut smd
position  3.670000  4.880000
orientation  270.00
layer component
$SHAPE3D
Na "smd/chip_cms.wrl"
Sc 0.080000 0.080000 0.080000
Of 0.000000 0.000000 0.000000
Ro 0.000000 0.000000 0.000000
$EndSHAPE3D
$PAD "1"
position -0.030000  0.000000
size  0.025000  0.045000
drill  0.000000
shape_offset  0.000000  0.000000
orientation  0.00
Shape  Rect
Layer  component
$EndPAD
$PAD "2"
position  0.030000  0.000000
size  0.025000  0.045000
drill  0.000000
shape_offset  0.000000  0.000000
orientation  0.00
Shape  Rect
Layer  component
$EndPAD
$EndMODULE  R

$LINE 
$EndLINE 
$LINE 
$EndLINE 
$LINE 
$EndLINE 
$LINE 
$EndLINE 
$EndDESCRIPTION
